<?xml version="1.0" encoding="UTF-8"?>
<!-- Generated by org.testng.reporters.JUnitReportReporter -->
<testsuite hostname="DESKTOP-FG435U3" failures="0" tests="3" name="com.testngTest1.VerifyRegisterFunctionalityTest" time="20.473" errors="0" timestamp="2024-08-10T06:09:49 PDT" skipped="0">
  <testcase classname="com.testngTest1.VerifyRegisterFunctionalityTest" name="verifyregisteringwithsameemail" time="7.914"/>
  <system-out/>
  <testcase classname="com.testngTest1.VerifyRegisterFunctionalityTest" name="verifyregisteringanaccwithmandatoryfeild" time="6.174"/>
  <system-out/>
  <testcase classname="com.testngTest1.VerifyRegisterFunctionalityTest" name="verifyregisteraccbyprovidingallfeild" time="6.385"/>
  <system-out/>
</testsuite> <!-- com.testngTest1.VerifyRegisterFunctionalityTest -->
