<?xml version="1.0" encoding="UTF-8"?>
<!-- Generated by org.testng.reporters.JUnitReportReporter -->
<testsuite hostname="DESKTOP-FG435U3" failures="0" tests="3" name="com.testngTest1.VerifyRegisterFunctionality" time="19.670" errors="0" timestamp="2024-08-07T12:22:11 PDT" skipped="0">
  <testcase classname="com.testngTest1.VerifyRegisterFunctionality" name="verifyregisteringwithsameemail" time="6.364"/>
  <system-out/>
  <testcase classname="com.testngTest1.VerifyRegisterFunctionality" name="verifyregisteringanaccwithmandatoryfeild" time="5.831"/>
  <system-out/>
  <testcase classname="com.testngTest1.VerifyRegisterFunctionality" name="verifyregisteraccbyprovidingallfeild" time="7.475"/>
  <system-out/>
</testsuite> <!-- com.testngTest1.VerifyRegisterFunctionality -->
