<?xml version="1.0" encoding="UTF-8"?>
<!-- Generated by org.testng.reporters.JUnitReportReporter -->
<testsuite hostname="DESKTOP-FG435U3" failures="0" tests="1" name="com.testngTest1.TC1" time="33.261" errors="0" timestamp="2024-07-20T07:45:30 PDT" skipped="0">
  <testcase classname="com.testngTest1.TC1" name="m1" time="33.261"/>
</testsuite> <!-- com.testngTest1.TC1 -->
