<?xml version="1.0" encoding="UTF-8"?>
<!-- Generated by org.testng.reporters.JUnitReportReporter -->
<testsuite hostname="DESKTOP-FG435U3" failures="0" tests="6" name="com.testngTest1.VeriyLoginFunctionalityTest" time="45.148" errors="0" timestamp="2024-08-10T06:09:49 PDT" skipped="0">
  <testcase classname="com.testngTest1.VeriyLoginFunctionalityTest" name="wrongemailpassverifyerrormsg" time="7.659"/>
  <system-out/>
  <testcase classname="com.testngTest1.VeriyLoginFunctionalityTest" name="correctemailwrongpass" time="7.348"/>
  <system-out/>
  <testcase classname="com.testngTest1.VeriyLoginFunctionalityTest" name="wrongemailcorrectpass" time="7.664"/>
  <system-out/>
  <testcase classname="com.testngTest1.VeriyLoginFunctionalityTest" name="verifylogingusingcorrectemailpass" time="7.655"/>
  <system-out/>
  <testcase classname="com.testngTest1.VeriyLoginFunctionalityTest" name="verifylogingusingcorrectemailpass" time="7.909"/>
  <system-out/>
  <testcase classname="com.testngTest1.VeriyLoginFunctionalityTest" name="verifylogingusingcorrectemailpass" time="6.913"/>
  <system-out/>
</testsuite> <!-- com.testngTest1.VeriyLoginFunctionalityTest -->
