<?xml version="1.0" encoding="UTF-8"?>
<!-- Generated by org.testng.reporters.JUnitReportReporter -->
<testsuite hostname="DESKTOP-FG435U3" failures="0" tests="6" name="com.testngTest1.VeriyLoginFunctionality" time="33.456" errors="0" timestamp="2024-08-07T12:22:11 PDT" skipped="0">
  <testcase classname="com.testngTest1.VeriyLoginFunctionality" name="wrongemailpassverifyerrormsg" time="5.726"/>
  <system-out/>
  <testcase classname="com.testngTest1.VeriyLoginFunctionality" name="correctemailwrongpass" time="5.593"/>
  <system-out/>
  <testcase classname="com.testngTest1.VeriyLoginFunctionality" name="wrongemailcorrectpass" time="4.880"/>
  <system-out/>
  <testcase classname="com.testngTest1.VeriyLoginFunctionality" name="verifylogingusingcorrectemailpass" time="5.798"/>
  <system-out/>
  <testcase classname="com.testngTest1.VeriyLoginFunctionality" name="verifylogingusingcorrectemailpass" time="6.288"/>
  <system-out/>
  <testcase classname="com.testngTest1.VeriyLoginFunctionality" name="verifylogingusingcorrectemailpass" time="5.171"/>
  <system-out/>
</testsuite> <!-- com.testngTest1.VeriyLoginFunctionality -->
