<?xml version="1.0" encoding="UTF-8"?>
<!-- Generated by org.testng.reporters.JUnitReportReporter -->
<testsuite hostname="DESKTOP-FG435U3" failures="0" tests="6" name="com.testngTest1.VeriyLoginFunctionalityTest" time="42.978" errors="0" timestamp="2024-08-10T10:02:41 PDT" skipped="0">
  <testcase classname="com.testngTest1.VeriyLoginFunctionalityTest" name="wrongemailpassverifyerrormsg" time="7.111"/>
  <testcase classname="com.testngTest1.VeriyLoginFunctionalityTest" name="correctemailwrongpass" time="7.335"/>
  <testcase classname="com.testngTest1.VeriyLoginFunctionalityTest" name="wrongemailcorrectpass" time="6.870"/>
  <testcase classname="com.testngTest1.VeriyLoginFunctionalityTest" name="verifylogingusingcorrectemailpass" time="7.603"/>
  <testcase classname="com.testngTest1.VeriyLoginFunctionalityTest" name="verifylogingusingcorrectemailpass" time="7.300"/>
  <testcase classname="com.testngTest1.VeriyLoginFunctionalityTest" name="verifylogingusingcorrectemailpass" time="6.759"/>
</testsuite> <!-- com.testngTest1.VeriyLoginFunctionalityTest -->
