<?xml version="1.0" encoding="UTF-8"?>
<!-- Generated by org.testng.reporters.JUnitReportReporter -->
<testsuite hostname="DESKTOP-FG435U3" failures="0" tests="3" name="com.testngTest1.VerifyRegisterFunctionalityTest" time="21.492" errors="0" timestamp="2024-08-10T10:02:41 PDT" skipped="0">
  <testcase classname="com.testngTest1.VerifyRegisterFunctionalityTest" name="verifyregisteringwithsameemail" time="8.439"/>
  <testcase classname="com.testngTest1.VerifyRegisterFunctionalityTest" name="verifyregisteringanaccwithmandatoryfeild" time="6.111"/>
  <testcase classname="com.testngTest1.VerifyRegisterFunctionalityTest" name="verifyregisteraccbyprovidingallfeild" time="6.942"/>
</testsuite> <!-- com.testngTest1.VerifyRegisterFunctionalityTest -->
